<?xml version="1.0" encoding="UTF-8"?>
<!-- Generated by org.testng.reporters.JUnitReportReporter -->
<testsuite name="home.TestCnnHome" tests="1" time="37.149" ignored="0" failures="0" timestamp="07 Jan 2017 20:01:48 GMT" skipped="0" hostname="Sarowars-MacBook-Pro.local" errors="0">
  <testcase name="testHome" time="37.149" classname="home.TestCnnHome"/>
</testsuite> <!-- home.TestCnnHome -->
